2025-05-22T11:58:32.884+05:30  INFO 22340 --- [registration-service] [main] c.s.r.RegistrationServiceApplication     : Starting RegistrationServiceApplication using Java 23.0.1 with PID 22340 (E:\Shopease\registration-service\target\classes started by NISH in E:\Shopease\registration-service)
2025-05-22T11:58:32.904+05:30 DEBUG 22340 --- [registration-service] [main] c.s.r.RegistrationServiceApplication     : Running with Spring Boot v3.2.3, Spring v6.1.4
2025-05-22T11:58:32.907+05:30  INFO 22340 --- [registration-service] [main] c.s.r.RegistrationServiceApplication     : No active profile set, falling back to 1 default profile: "default"
2025-05-22T11:58:34.183+05:30  INFO 22340 --- [registration-service] [main] .s.d.r.c.RepositoryConfigurationDelegate : Bootstrapping Spring Data JPA repositories in DEFAULT mode.
2025-05-22T11:58:34.535+05:30  INFO 22340 --- [registration-service] [main] .s.d.r.c.RepositoryConfigurationDelegate : Finished Spring Data repository scanning in 306 ms. Found 1 JPA repository interface.
2025-05-22T11:58:35.071+05:30  INFO 22340 --- [registration-service] [main] o.s.cloud.context.scope.GenericScope     : BeanFactory id=e92980f0-e2fc-3585-9089-4aaa65991ab9
2025-05-22T11:58:35.393+05:30  WARN 22340 --- [registration-service] [main] trationDelegate$BeanPostProcessorChecker : Bean 'org.springframework.cloud.client.loadbalancer.LoadBalancerAutoConfiguration$LoadBalancerInterceptorConfig' of type [org.springframework.cloud.client.loadbalancer.LoadBalancerAutoConfiguration$LoadBalancerInterceptorConfig] is not eligible for getting processed by all BeanPostProcessors (for example: not eligible for auto-proxying). The currently created BeanPostProcessor [lbRestClientPostProcessor] is declared through a non-static factory method on that class; consider declaring it as static instead.
2025-05-22T11:58:35.418+05:30  WARN 22340 --- [registration-service] [main] trationDelegate$BeanPostProcessorChecker : Bean 'org.springframework.cloud.loadbalancer.config.BlockingLoadBalancerClientAutoConfiguration' of type [org.springframework.cloud.loadbalancer.config.BlockingLoadBalancerClientAutoConfiguration] is not eligible for getting processed by all BeanPostProcessors (for example: not eligible for auto-proxying). Is this bean getting eagerly injected into a currently created BeanPostProcessor [lbRestClientPostProcessor]? Check the corresponding BeanPostProcessor declaration and its dependencies.
2025-05-22T11:58:35.423+05:30  WARN 22340 --- [registration-service] [main] trationDelegate$BeanPostProcessorChecker : Bean 'org.springframework.cloud.loadbalancer.config.LoadBalancerAutoConfiguration' of type [org.springframework.cloud.loadbalancer.config.LoadBalancerAutoConfiguration] is not eligible for getting processed by all BeanPostProcessors (for example: not eligible for auto-proxying). Is this bean getting eagerly injected into a currently created BeanPostProcessor [lbRestClientPostProcessor]? Check the corresponding BeanPostProcessor declaration and its dependencies.
2025-05-22T11:58:35.449+05:30  WARN 22340 --- [registration-service] [main] trationDelegate$BeanPostProcessorChecker : Bean 'org.springframework.cloud.commons.config.CommonsConfigAutoConfiguration' of type [org.springframework.cloud.commons.config.CommonsConfigAutoConfiguration] is not eligible for getting processed by all BeanPostProcessors (for example: not eligible for auto-proxying). Is this bean getting eagerly injected into a currently created BeanPostProcessor [lbRestClientPostProcessor]? Check the corresponding BeanPostProcessor declaration and its dependencies.
2025-05-22T11:58:35.457+05:30  WARN 22340 --- [registration-service] [main] trationDelegate$BeanPostProcessorChecker : Bean 'org.springframework.cloud.client.loadbalancer.LoadBalancerDefaultMappingsProviderAutoConfiguration' of type [org.springframework.cloud.client.loadbalancer.LoadBalancerDefaultMappingsProviderAutoConfiguration] is not eligible for getting processed by all BeanPostProcessors (for example: not eligible for auto-proxying). Is this bean getting eagerly injected into a currently created BeanPostProcessor [lbRestClientPostProcessor]? Check the corresponding BeanPostProcessor declaration and its dependencies.
2025-05-22T11:58:35.464+05:30  WARN 22340 --- [registration-service] [main] trationDelegate$BeanPostProcessorChecker : Bean 'loadBalancerClientsDefaultsMappingsProvider' of type [org.springframework.cloud.client.loadbalancer.LoadBalancerDefaultMappingsProviderAutoConfiguration$$Lambda/0x0000018581436c80] is not eligible for getting processed by all BeanPostProcessors (for example: not eligible for auto-proxying). Is this bean getting eagerly injected into a currently created BeanPostProcessor [lbRestClientPostProcessor]? Check the corresponding BeanPostProcessor declaration and its dependencies.
2025-05-22T11:58:35.478+05:30  WARN 22340 --- [registration-service] [main] trationDelegate$BeanPostProcessorChecker : Bean 'defaultsBindHandlerAdvisor' of type [org.springframework.cloud.commons.config.DefaultsBindHandlerAdvisor] is not eligible for getting processed by all BeanPostProcessors (for example: not eligible for auto-proxying). Is this bean getting eagerly injected into a currently created BeanPostProcessor [lbRestClientPostProcessor]? Check the corresponding BeanPostProcessor declaration and its dependencies.
2025-05-22T11:58:35.499+05:30  WARN 22340 --- [registration-service] [main] trationDelegate$BeanPostProcessorChecker : Bean 'spring.cloud.loadbalancer-org.springframework.cloud.client.loadbalancer.LoadBalancerClientsProperties' of type [org.springframework.cloud.client.loadbalancer.LoadBalancerClientsProperties] is not eligible for getting processed by all BeanPostProcessors (for example: not eligible for auto-proxying). Is this bean getting eagerly injected into a currently created BeanPostProcessor [lbRestClientPostProcessor]? Check the corresponding BeanPostProcessor declaration and its dependencies.
2025-05-22T11:58:35.522+05:30  WARN 22340 --- [registration-service] [main] trationDelegate$BeanPostProcessorChecker : Bean 'default.org.springframework.cloud.loadbalancer.config.LoadBalancerAutoConfiguration.LoadBalancerClientSpecification' of type [org.springframework.cloud.loadbalancer.annotation.LoadBalancerClientSpecification] is not eligible for getting processed by all BeanPostProcessors (for example: not eligible for auto-proxying). Is this bean getting eagerly injected into a currently created BeanPostProcessor [lbRestClientPostProcessor]? Check the corresponding BeanPostProcessor declaration and its dependencies.
2025-05-22T11:58:35.528+05:30  WARN 22340 --- [registration-service] [main] trationDelegate$BeanPostProcessorChecker : Bean 'default.org.springframework.cloud.loadbalancer.config.BlockingLoadBalancerClientAutoConfiguration.LoadBalancerClientSpecification' of type [org.springframework.cloud.loadbalancer.annotation.LoadBalancerClientSpecification] is not eligible for getting processed by all BeanPostProcessors (for example: not eligible for auto-proxying). Is this bean getting eagerly injected into a currently created BeanPostProcessor [lbRestClientPostProcessor]? Check the corresponding BeanPostProcessor declaration and its dependencies.
2025-05-22T11:58:35.534+05:30  WARN 22340 --- [registration-service] [main] trationDelegate$BeanPostProcessorChecker : Bean 'default.org.springframework.cloud.netflix.eureka.loadbalancer.LoadBalancerEurekaAutoConfiguration.LoadBalancerClientSpecification' of type [org.springframework.cloud.loadbalancer.annotation.LoadBalancerClientSpecification] is not eligible for getting processed by all BeanPostProcessors (for example: not eligible for auto-proxying). Is this bean getting eagerly injected into a currently created BeanPostProcessor [lbRestClientPostProcessor]? Check the corresponding BeanPostProcessor declaration and its dependencies.
2025-05-22T11:58:35.542+05:30  WARN 22340 --- [registration-service] [main] trationDelegate$BeanPostProcessorChecker : Bean 'loadBalancerClientFactory' of type [org.springframework.cloud.loadbalancer.support.LoadBalancerClientFactory] is not eligible for getting processed by all BeanPostProcessors (for example: not eligible for auto-proxying). Is this bean getting eagerly injected into a currently created BeanPostProcessor [lbRestClientPostProcessor]? Check the corresponding BeanPostProcessor declaration and its dependencies.
2025-05-22T11:58:35.554+05:30  WARN 22340 --- [registration-service] [main] trationDelegate$BeanPostProcessorChecker : Bean 'blockingLoadBalancerClient' of type [org.springframework.cloud.loadbalancer.blocking.client.BlockingLoadBalancerClient] is not eligible for getting processed by all BeanPostProcessors (for example: not eligible for auto-proxying). Is this bean getting eagerly injected into a currently created BeanPostProcessor [lbRestClientPostProcessor]? Check the corresponding BeanPostProcessor declaration and its dependencies.
2025-05-22T11:58:35.577+05:30  WARN 22340 --- [registration-service] [main] trationDelegate$BeanPostProcessorChecker : Bean 'loadBalancerServiceInstanceCookieTransformer' of type [org.springframework.cloud.loadbalancer.core.LoadBalancerServiceInstanceCookieTransformer] is not eligible for getting processed by all BeanPostProcessors (for example: not eligible for auto-proxying). Is this bean getting eagerly injected into a currently created BeanPostProcessor [lbRestClientPostProcessor]? Check the corresponding BeanPostProcessor declaration and its dependencies.
2025-05-22T11:58:35.584+05:30  WARN 22340 --- [registration-service] [main] trationDelegate$BeanPostProcessorChecker : Bean 'xForwarderHeadersTransformer' of type [org.springframework.cloud.loadbalancer.blocking.XForwardedHeadersTransformer] is not eligible for getting processed by all BeanPostProcessors (for example: not eligible for auto-proxying). Is this bean getting eagerly injected into a currently created BeanPostProcessor [lbRestClientPostProcessor]? Check the corresponding BeanPostProcessor declaration and its dependencies.
2025-05-22T11:58:35.590+05:30  WARN 22340 --- [registration-service] [main] trationDelegate$BeanPostProcessorChecker : Bean 'org.springframework.cloud.client.loadbalancer.LoadBalancerAutoConfiguration' of type [org.springframework.cloud.client.loadbalancer.LoadBalancerAutoConfiguration] is not eligible for getting processed by all BeanPostProcessors (for example: not eligible for auto-proxying). Is this bean getting eagerly injected into a currently created BeanPostProcessor [lbRestClientPostProcessor]? Check the corresponding BeanPostProcessor declaration and its dependencies.
2025-05-22T11:58:35.597+05:30  WARN 22340 --- [registration-service] [main] trationDelegate$BeanPostProcessorChecker : Bean 'loadBalancerRequestFactory' of type [org.springframework.cloud.client.loadbalancer.LoadBalancerRequestFactory] is not eligible for getting processed by all BeanPostProcessors (for example: not eligible for auto-proxying). Is this bean getting eagerly injected into a currently created BeanPostProcessor [lbRestClientPostProcessor]? Check the corresponding BeanPostProcessor declaration and its dependencies.
2025-05-22T11:58:35.603+05:30  WARN 22340 --- [registration-service] [main] trationDelegate$BeanPostProcessorChecker : Bean 'loadBalancerInterceptor' of type [org.springframework.cloud.client.loadbalancer.LoadBalancerInterceptor] is not eligible for getting processed by all BeanPostProcessors (for example: not eligible for auto-proxying). Is this bean getting eagerly injected into a currently created BeanPostProcessor [lbRestClientPostProcessor]? Check the corresponding BeanPostProcessor declaration and its dependencies.
2025-05-22T11:58:36.167+05:30  INFO 22340 --- [registration-service] [main] o.s.b.w.embedded.tomcat.TomcatWebServer  : Tomcat initialized with port 8081 (http)
2025-05-22T11:58:36.199+05:30  INFO 22340 --- [registration-service] [main] o.apache.catalina.core.StandardService   : Starting service [Tomcat]
2025-05-22T11:58:36.202+05:30  INFO 22340 --- [registration-service] [main] o.apache.catalina.core.StandardEngine    : Starting Servlet engine: [Apache Tomcat/10.1.19]
2025-05-22T11:58:36.584+05:30  INFO 22340 --- [registration-service] [main] o.a.c.c.C.[Tomcat].[localhost].[/]       : Initializing Spring embedded WebApplicationContext
2025-05-22T11:58:36.587+05:30  INFO 22340 --- [registration-service] [main] w.s.c.ServletWebServerApplicationContext : Root WebApplicationContext: initialization completed in 3550 ms
2025-05-22T11:58:37.046+05:30  INFO 22340 --- [registration-service] [main] o.hibernate.jpa.internal.util.LogHelper  : HHH000204: Processing PersistenceUnitInfo [name: default]
2025-05-22T11:58:37.196+05:30  INFO 22340 --- [registration-service] [main] org.hibernate.Version                    : HHH000412: Hibernate ORM core version 6.4.4.Final
2025-05-22T11:58:37.263+05:30  INFO 22340 --- [registration-service] [main] o.h.c.internal.RegionFactoryInitiator    : HHH000026: Second-level cache disabled
2025-05-22T11:58:37.821+05:30  INFO 22340 --- [registration-service] [main] o.s.o.j.p.SpringPersistenceUnitInfo      : No LoadTimeWeaver setup: ignoring JPA class transformer
2025-05-22T11:58:37.904+05:30  INFO 22340 --- [registration-service] [main] com.zaxxer.hikari.HikariDataSource       : HikariPool-1 - Starting...
2025-05-22T11:58:43.976+05:30  INFO 22340 --- [registration-service] [main] com.zaxxer.hikari.pool.HikariPool        : HikariPool-1 - Added connection com.mysql.cj.jdbc.ConnectionImpl@2a075e70
2025-05-22T11:58:43.984+05:30  INFO 22340 --- [registration-service] [main] com.zaxxer.hikari.HikariDataSource       : HikariPool-1 - Start completed.
2025-05-22T11:58:47.359+05:30  INFO 22340 --- [registration-service] [main] o.h.e.t.j.p.i.JtaPlatformInitiator       : HHH000489: No JTA platform available (set 'hibernate.transaction.jta.platform' to enable JTA platform integration)
2025-05-22T11:58:50.890+05:30  INFO 22340 --- [registration-service] [main] j.LocalContainerEntityManagerFactoryBean : Initialized JPA EntityManagerFactory for persistence unit 'default'
2025-05-22T11:58:51.829+05:30  WARN 22340 --- [registration-service] [main] JpaBaseConfiguration$JpaWebConfiguration : spring.jpa.open-in-view is enabled by default. Therefore, database queries may be performed during view rendering. Explicitly configure spring.jpa.open-in-view to disable this warning
2025-05-22T11:58:52.548+05:30  INFO 22340 --- [registration-service] [main] DiscoveryClientOptionalArgsConfiguration : Eureka HTTP Client uses RestTemplate.
2025-05-22T11:58:53.182+05:30  WARN 22340 --- [registration-service] [main] iguration$LoadBalancerCaffeineWarnLogger : Spring Cloud LoadBalancer is currently working with the default cache. While this cache implementation is useful for development and tests, it's recommended to use Caffeine cache in production.You can switch to using Caffeine cache, by adding it and org.springframework.cache.caffeine.CaffeineCacheManager to the classpath.
2025-05-22T11:58:53.227+05:30  INFO 22340 --- [registration-service] [main] o.s.c.n.eureka.InstanceInfoFactory       : Setting initial instance status as: STARTING
2025-05-22T11:58:53.478+05:30  INFO 22340 --- [registration-service] [main] com.netflix.discovery.DiscoveryClient    : Initializing Eureka in region us-east-1
2025-05-22T11:58:53.499+05:30  INFO 22340 --- [registration-service] [main] c.n.d.s.r.aws.ConfigClusterResolver      : Resolving eureka endpoints via configuration
2025-05-22T11:58:53.568+05:30  INFO 22340 --- [registration-service] [main] com.netflix.discovery.DiscoveryClient    : Disable delta property : false
2025-05-22T11:58:53.569+05:30  INFO 22340 --- [registration-service] [main] com.netflix.discovery.DiscoveryClient    : Single vip registry refresh property : null
2025-05-22T11:58:53.570+05:30  INFO 22340 --- [registration-service] [main] com.netflix.discovery.DiscoveryClient    : Force full registry fetch : false
2025-05-22T11:58:53.572+05:30  INFO 22340 --- [registration-service] [main] com.netflix.discovery.DiscoveryClient    : Application is null : false
2025-05-22T11:58:53.573+05:30  INFO 22340 --- [registration-service] [main] com.netflix.discovery.DiscoveryClient    : Registered Applications size is zero : true
2025-05-22T11:58:53.575+05:30  INFO 22340 --- [registration-service] [main] com.netflix.discovery.DiscoveryClient    : Application version is -1: true
2025-05-22T11:58:53.577+05:30  INFO 22340 --- [registration-service] [main] com.netflix.discovery.DiscoveryClient    : Getting all instance registry info from the eureka server
2025-05-22T11:58:54.235+05:30  INFO 22340 --- [registration-service] [main] com.netflix.discovery.DiscoveryClient    : The response status is 200
2025-05-22T11:58:54.242+05:30  INFO 22340 --- [registration-service] [main] com.netflix.discovery.DiscoveryClient    : Starting heartbeat executor: renew interval is: 30
2025-05-22T11:58:54.251+05:30  INFO 22340 --- [registration-service] [main] c.n.discovery.InstanceInfoReplicator     : InstanceInfoReplicator onDemand update allowed rate per min is 4
2025-05-22T11:58:54.263+05:30  INFO 22340 --- [registration-service] [main] com.netflix.discovery.DiscoveryClient    : Discovery Client initialized at timestamp 1747895334260 with initial instances count: 4
2025-05-22T11:58:54.268+05:30  INFO 22340 --- [registration-service] [main] o.s.c.n.e.s.EurekaServiceRegistry        : Registering application REGISTRATION-SERVICE with eureka with status UP
2025-05-22T11:58:54.271+05:30  INFO 22340 --- [registration-service] [main] com.netflix.discovery.DiscoveryClient    : Saw local status change event StatusChangeEvent [timestamp=1747895334271, current=UP, previous=STARTING]
2025-05-22T11:58:54.276+05:30  INFO 22340 --- [registration-service] [DiscoveryClient-InstanceInfoReplicator-0] com.netflix.discovery.DiscoveryClient    : DiscoveryClient_REGISTRATION-SERVICE/DESKTOP-LIOMBGR:registration-service:8081: registering service...
2025-05-22T11:58:54.334+05:30  INFO 22340 --- [registration-service] [main] o.s.b.w.embedded.tomcat.TomcatWebServer  : Tomcat started on port 8081 (http) with context path ''
2025-05-22T11:58:54.337+05:30  INFO 22340 --- [registration-service] [main] .s.c.n.e.s.EurekaAutoServiceRegistration : Updating port to 8081
2025-05-22T11:58:54.364+05:30  INFO 22340 --- [registration-service] [main] c.s.r.RegistrationServiceApplication     : Started RegistrationServiceApplication in 22.295 seconds (process running for 23.166)
2025-05-22T11:58:54.369+05:30  INFO 22340 --- [registration-service] [DiscoveryClient-InstanceInfoReplicator-0] com.netflix.discovery.DiscoveryClient    : DiscoveryClient_REGISTRATION-SERVICE/DESKTOP-LIOMBGR:registration-service:8081 - registration status: 204
2025-05-22T12:03:53.592+05:30  INFO 22340 --- [registration-service] [AsyncResolver-bootstrap-executor-0] c.n.d.s.r.aws.ConfigClusterResolver      : Resolving eureka endpoints via configuration
2025-05-22T12:08:53.614+05:30  INFO 22340 --- [registration-service] [AsyncResolver-bootstrap-executor-0] c.n.d.s.r.aws.ConfigClusterResolver      : Resolving eureka endpoints via configuration
2025-05-22T12:13:53.662+05:30  INFO 22340 --- [registration-service] [AsyncResolver-bootstrap-executor-0] c.n.d.s.r.aws.ConfigClusterResolver      : Resolving eureka endpoints via configuration
2025-05-22T12:18:53.792+05:30  INFO 22340 --- [registration-service] [AsyncResolver-bootstrap-executor-0] c.n.d.s.r.aws.ConfigClusterResolver      : Resolving eureka endpoints via configuration
2025-05-22T12:23:53.923+05:30  INFO 22340 --- [registration-service] [AsyncResolver-bootstrap-executor-0] c.n.d.s.r.aws.ConfigClusterResolver      : Resolving eureka endpoints via configuration
2025-05-22T12:28:34.833+05:30  WARN 22340 --- [registration-service] [HikariPool-1 housekeeper] com.zaxxer.hikari.pool.HikariPool        : HikariPool-1 - Thread starvation or clock leap detected (housekeeper delta=49s835ms365µs500ns).
2025-05-22T12:28:54.130+05:30  INFO 22340 --- [registration-service] [AsyncResolver-bootstrap-executor-0] c.n.d.s.r.aws.ConfigClusterResolver      : Resolving eureka endpoints via configuration
2025-05-22T12:32:16.273+05:30  WARN 22340 --- [registration-service] [HikariPool-1 housekeeper] com.zaxxer.hikari.pool.HikariPool        : HikariPool-1 - Thread starvation or clock leap detected (housekeeper delta=1m9s366ms814µs900ns).
2025-05-22T12:33:54.213+05:30  INFO 22340 --- [registration-service] [AsyncResolver-bootstrap-executor-0] c.n.d.s.r.aws.ConfigClusterResolver      : Resolving eureka endpoints via configuration
2025-05-22T12:38:54.285+05:30  INFO 22340 --- [registration-service] [AsyncResolver-bootstrap-executor-0] c.n.d.s.r.aws.ConfigClusterResolver      : Resolving eureka endpoints via configuration
2025-05-22T12:43:54.356+05:30  INFO 22340 --- [registration-service] [AsyncResolver-bootstrap-executor-0] c.n.d.s.r.aws.ConfigClusterResolver      : Resolving eureka endpoints via configuration
2025-05-22T12:48:54.501+05:30  INFO 22340 --- [registration-service] [AsyncResolver-bootstrap-executor-0] c.n.d.s.r.aws.ConfigClusterResolver      : Resolving eureka endpoints via configuration
2025-05-22T12:53:54.510+05:30  INFO 22340 --- [registration-service] [AsyncResolver-bootstrap-executor-0] c.n.d.s.r.aws.ConfigClusterResolver      : Resolving eureka endpoints via configuration
2025-05-22T12:58:54.538+05:30  INFO 22340 --- [registration-service] [AsyncResolver-bootstrap-executor-0] c.n.d.s.r.aws.ConfigClusterResolver      : Resolving eureka endpoints via configuration
2025-05-22T13:03:54.698+05:30  INFO 22340 --- [registration-service] [AsyncResolver-bootstrap-executor-0] c.n.d.s.r.aws.ConfigClusterResolver      : Resolving eureka endpoints via configuration
2025-05-22T13:08:54.706+05:30  INFO 22340 --- [registration-service] [AsyncResolver-bootstrap-executor-0] c.n.d.s.r.aws.ConfigClusterResolver      : Resolving eureka endpoints via configuration
2025-05-22T13:13:54.839+05:30  INFO 22340 --- [registration-service] [AsyncResolver-bootstrap-executor-0] c.n.d.s.r.aws.ConfigClusterResolver      : Resolving eureka endpoints via configuration
2025-05-22T13:19:20.420+05:30  INFO 22340 --- [registration-service] [AsyncResolver-bootstrap-executor-0] c.n.d.s.r.aws.ConfigClusterResolver      : Resolving eureka endpoints via configuration
